app/build/intermediates/manifest_merge_blame_file/debug/processDebugMainManifest/manifest-merger-blame-debug-report.txt
1<?xml version="1.0" encoding="utf-8"?>
2<manifest xmlns:android="http://schemas.android.com/apk/res/android"
3    package="com.example.movenow"
4    android:versionCode="1"
5    android:versionName="1.0" >
6
7    <uses-sdk
8        android:minSdkVersion="24"
9        android:targetSdkVersion="35" />
10
11    <!-- Permisos -->
12    <uses-permission android:name="android.permission.POST_NOTIFICATIONS" />
12-->src\main\AndroidManifest.xml:7:5-77
12-->src\main\AndroidManifest.xml:7:22-74
13    <uses-permission android:name="android.permission.INTERNET" />
13-->src\main\AndroidManifest.xml:8:5-67
13-->src\main\AndroidManifest.xml:8:22-64
14    <uses-permission android:name="android.permission.ACCESS_NETWORK_STATE" />
14-->[com.google.firebase:firebase-auth:23.2.0] AndroidManifest.xml:26:5-79
14-->[com.google.firebase:firebase-auth:23.2.0] AndroidManifest.xml:26:22-76
15    <uses-permission android:name="com.google.android.providers.gsf.permission.READ_GSERVICES" />
15-->[com.google.android.recaptcha:recaptcha:18.6.1] AndroidManifest.xml:9:5-98
15-->[com.google.android.recaptcha:recaptcha:18.6.1] AndroidManifest.xml:9:22-95
16    <uses-permission android:name="android.permission.WAKE_LOCK" />
16-->[androidx.work:work-runtime:2.9.0] AndroidManifest.xml:23:5-68
16-->[androidx.work:work-runtime:2.9.0] AndroidManifest.xml:23:22-65
17    <uses-permission android:name="android.permission.RECEIVE_BOOT_COMPLETED" />
17-->[androidx.work:work-runtime:2.9.0] AndroidManifest.xml:25:5-81
17-->[androidx.work:work-runtime:2.9.0] AndroidManifest.xml:25:22-78
18    <uses-permission android:name="android.permission.FOREGROUND_SERVICE" />
18-->[androidx.work:work-runtime:2.9.0] AndroidManifest.xml:26:5-77
18-->[androidx.work:work-runtime:2.9.0] AndroidManifest.xml:26:22-74
19
20    <permission
20-->[androidx.core:core:1.13.1] AndroidManifest.xml:22:5-24:47
21        android:name="com.example.movenow.DYNAMIC_RECEIVER_NOT_EXPORTED_PERMISSION"
21-->[androidx.core:core:1.13.1] AndroidManifest.xml:23:9-81
22        android:protectionLevel="signature" />
22-->[androidx.core:core:1.13.1] AndroidManifest.xml:24:9-44
23
24    <uses-permission android:name="com.example.movenow.DYNAMIC_RECEIVER_NOT_EXPORTED_PERMISSION" />
24-->[androidx.core:core:1.13.1] AndroidManifest.xml:26:5-97
24-->[androidx.core:core:1.13.1] AndroidManifest.xml:26:22-94
25
26    <application
26-->src\main\AndroidManifest.xml:10:5-47:19
27        android:allowBackup="true"
27-->src\main\AndroidManifest.xml:11:9-35
28        android:appComponentFactory="androidx.core.app.CoreComponentFactory"
28-->[androidx.core:core:1.13.1] AndroidManifest.xml:28:18-86
29        android:dataExtractionRules="@xml/data_extraction_rules"
29-->src\main\AndroidManifest.xml:12:9-65
30        android:debuggable="true"
31        android:extractNativeLibs="false"
32        android:fullBackupContent="@xml/backup_rules"
32-->src\main\AndroidManifest.xml:13:9-54
33        android:icon="@mipmap/ic_launcher"
33-->src\main\AndroidManifest.xml:14:9-43
34        android:label="@string/app_name"
34-->src\main\AndroidManifest.xml:15:9-41
35        android:roundIcon="@mipmap/ic_launcher_round"
35-->src\main\AndroidManifest.xml:16:9-54
36        android:supportsRtl="true"
36-->src\main\AndroidManifest.xml:17:9-35
37        android:testOnly="true"
38        android:theme="@style/Theme.MoveNow" >
38-->src\main\AndroidManifest.xml:18:9-45
39
40        <!-- Activity inicial -->
41        <activity
41-->src\main\AndroidManifest.xml:22:9-29:20
42            android:name="com.example.movenow.LauncherActivity"
42-->src\main\AndroidManifest.xml:23:13-45
43            android:exported="true" >
43-->src\main\AndroidManifest.xml:24:13-36
44            <intent-filter>
44-->src\main\AndroidManifest.xml:25:13-28:29
45                <action android:name="android.intent.action.MAIN" />
45-->src\main\AndroidManifest.xml:26:17-69
45-->src\main\AndroidManifest.xml:26:25-66
46
47                <category android:name="android.intent.category.LAUNCHER" />
47-->src\main\AndroidManifest.xml:27:17-77
47-->src\main\AndroidManifest.xml:27:27-74
48            </intent-filter>
49        </activity>
50
51        <!-- Login y pantallas relacionadas -->
52        <activity
52-->src\main\AndroidManifest.xml:32:9-81
53            android:name="com.example.movenow.LoginGoogleActivity"
53-->src\main\AndroidManifest.xml:32:19-54
54            android:exported="false" />
54-->src\main\AndroidManifest.xml:32:55-79
55        <activity
55-->src\main\AndroidManifest.xml:33:9-84
56            android:name="com.example.movenow.FirstTimeLoginActivity"
56-->src\main\AndroidManifest.xml:33:19-57
57            android:exported="false" />
57-->src\main\AndroidManifest.xml:33:58-82
58        <activity
58-->src\main\AndroidManifest.xml:34:9-81
59            android:name="com.example.movenow.VerifyEmailActivity"
59-->src\main\AndroidManifest.xml:34:19-54
60            android:exported="false" />
60-->src\main\AndroidManifest.xml:34:55-79
61        <activity
61-->src\main\AndroidManifest.xml:35:9-80
62            android:name="com.example.movenow.LoginEmailActivity"
62-->src\main\AndroidManifest.xml:35:19-53
63            android:exported="false" />
63-->src\main\AndroidManifest.xml:35:54-78
64
65        <!-- Main -->
66        <activity
66-->src\main\AndroidManifest.xml:38:9-73
67            android:name="com.example.movenow.MainActivity"
67-->src\main\AndroidManifest.xml:38:19-47
68            android:exported="true" />
68-->src\main\AndroidManifest.xml:38:48-71
69
70        <!-- Configuración -->
71        <activity
71-->src\main\AndroidManifest.xml:41:9-77
72            android:name="com.example.movenow.SettingsActivity"
72-->src\main\AndroidManifest.xml:41:19-51
73            android:exported="true" />
73-->src\main\AndroidManifest.xml:41:52-75
74
75        <!-- NO DECLARAR WORKERS AQUÍ -->
76        <!-- NO RECEIVERS -->
77        <!-- WorkManager maneja todo automático -->
78
79        <activity
79-->[com.google.firebase:firebase-auth:23.2.0] AndroidManifest.xml:29:9-46:20
80            android:name="com.google.firebase.auth.internal.GenericIdpActivity"
80-->[com.google.firebase:firebase-auth:23.2.0] AndroidManifest.xml:30:13-80
81            android:excludeFromRecents="true"
81-->[com.google.firebase:firebase-auth:23.2.0] AndroidManifest.xml:31:13-46
82            android:exported="true"
82-->[com.google.firebase:firebase-auth:23.2.0] AndroidManifest.xml:32:13-36
83            android:launchMode="singleTask"
83-->[com.google.firebase:firebase-auth:23.2.0] AndroidManifest.xml:33:13-44
84            android:theme="@android:style/Theme.Translucent.NoTitleBar" >
84-->[com.google.firebase:firebase-auth:23.2.0] AndroidManifest.xml:34:13-72
85            <intent-filter>
85-->[com.google.firebase:firebase-auth:23.2.0] AndroidManifest.xml:35:13-45:29
86                <action android:name="android.intent.action.VIEW" />
86-->[com.google.firebase:firebase-auth:23.2.0] AndroidManifest.xml:36:17-69
86-->[com.google.firebase:firebase-auth:23.2.0] AndroidManifest.xml:36:25-66
87
88                <category android:name="android.intent.category.DEFAULT" />
88-->[com.google.firebase:firebase-auth:23.2.0] AndroidManifest.xml:38:17-76
88-->[com.google.firebase:firebase-auth:23.2.0] AndroidManifest.xml:38:27-73
89                <category android:name="android.intent.category.BROWSABLE" />
89-->[com.google.firebase:firebase-auth:23.2.0] AndroidManifest.xml:39:17-78
89-->[com.google.firebase:firebase-auth:23.2.0] AndroidManifest.xml:39:27-75
90
91                <data
91-->[com.google.firebase:firebase-auth:23.2.0] AndroidManifest.xml:41:17-44:51
92                    android:host="firebase.auth"
92-->[com.google.firebase:firebase-auth:23.2.0] AndroidManifest.xml:42:21-49
93                    android:path="/"
93-->[com.google.firebase:firebase-auth:23.2.0] AndroidManifest.xml:43:21-37
94                    android:scheme="genericidp" />
94-->[com.google.firebase:firebase-auth:23.2.0] AndroidManifest.xml:44:21-48
95            </intent-filter>
96        </activity>
97        <activity
97-->[com.google.firebase:firebase-auth:23.2.0] AndroidManifest.xml:47:9-64:20
98            android:name="com.google.firebase.auth.internal.RecaptchaActivity"
98-->[com.google.firebase:firebase-auth:23.2.0] AndroidManifest.xml:48:13-79
99            android:excludeFromRecents="true"
99-->[com.google.firebase:firebase-auth:23.2.0] AndroidManifest.xml:49:13-46
100            android:exported="true"
100-->[com.google.firebase:firebase-auth:23.2.0] AndroidManifest.xml:50:13-36
101            android:launchMode="singleTask"
101-->[com.google.firebase:firebase-auth:23.2.0] AndroidManifest.xml:51:13-44
102            android:theme="@android:style/Theme.Translucent.NoTitleBar" >
102-->[com.google.firebase:firebase-auth:23.2.0] AndroidManifest.xml:52:13-72
103            <intent-filter>
103-->[com.google.firebase:firebase-auth:23.2.0] AndroidManifest.xml:53:13-63:29
104                <action android:name="android.intent.action.VIEW" />
104-->[com.google.firebase:firebase-auth:23.2.0] AndroidManifest.xml:36:17-69
104-->[com.google.firebase:firebase-auth:23.2.0] AndroidManifest.xml:36:25-66
105
106                <category android:name="android.intent.category.DEFAULT" />
106-->[com.google.firebase:firebase-auth:23.2.0] AndroidManifest.xml:38:17-76
106-->[com.google.firebase:firebase-auth:23.2.0] AndroidManifest.xml:38:27-73
107                <category android:name="android.intent.category.BROWSABLE" />
107-->[com.google.firebase:firebase-auth:23.2.0] AndroidManifest.xml:39:17-78
107-->[com.google.firebase:firebase-auth:23.2.0] AndroidManifest.xml:39:27-75
108
109                <data
109-->[com.google.firebase:firebase-auth:23.2.0] AndroidManifest.xml:41:17-44:51
110                    android:host="firebase.auth"
110-->[com.google.firebase:firebase-auth:23.2.0] AndroidManifest.xml:42:21-49
111                    android:path="/"
111-->[com.google.firebase:firebase-auth:23.2.0] AndroidManifest.xml:43:21-37
112                    android:scheme="recaptcha" />
112-->[com.google.firebase:firebase-auth:23.2.0] AndroidManifest.xml:44:21-48
113            </intent-filter>
114        </activity>
115
116        <service
116-->[com.google.firebase:firebase-auth:23.2.0] AndroidManifest.xml:66:9-72:19
117            android:name="com.google.firebase.components.ComponentDiscoveryService"
117-->[com.google.firebase:firebase-auth:23.2.0] AndroidManifest.xml:67:13-84
118            android:directBootAware="true"
118-->[com.google.firebase:firebase-common:21.0.0] AndroidManifest.xml:32:13-43
119            android:exported="false" >
119-->[com.google.firebase:firebase-auth:23.2.0] AndroidManifest.xml:68:13-37
120            <meta-data
120-->[com.google.firebase:firebase-auth:23.2.0] AndroidManifest.xml:69:13-71:85
121                android:name="com.google.firebase.components:com.google.firebase.auth.FirebaseAuthRegistrar"
121-->[com.google.firebase:firebase-auth:23.2.0] AndroidManifest.xml:70:17-109
122                android:value="com.google.firebase.components.ComponentRegistrar" />
122-->[com.google.firebase:firebase-auth:23.2.0] AndroidManifest.xml:71:17-82
123            <meta-data
123-->[com.google.firebase:firebase-firestore:25.1.1] AndroidManifest.xml:17:13-19:85
124                android:name="com.google.firebase.components:com.google.firebase.firestore.FirebaseFirestoreKtxRegistrar"
124-->[com.google.firebase:firebase-firestore:25.1.1] AndroidManifest.xml:18:17-122
125                android:value="com.google.firebase.components.ComponentRegistrar" />
125-->[com.google.firebase:firebase-firestore:25.1.1] AndroidManifest.xml:19:17-82
126            <meta-data
126-->[com.google.firebase:firebase-firestore:25.1.1] AndroidManifest.xml:20:13-22:85
127                android:name="com.google.firebase.components:com.google.firebase.firestore.FirestoreRegistrar"
127-->[com.google.firebase:firebase-firestore:25.1.1] AndroidManifest.xml:21:17-111
128                android:value="com.google.firebase.components.ComponentRegistrar" />
128-->[com.google.firebase:firebase-firestore:25.1.1] AndroidManifest.xml:22:17-82
129            <meta-data
129-->[com.google.firebase:firebase-common-ktx:21.0.0] AndroidManifest.xml:12:13-14:85
130                android:name="com.google.firebase.components:com.google.firebase.ktx.FirebaseCommonLegacyRegistrar"
130-->[com.google.firebase:firebase-common-ktx:21.0.0] AndroidManifest.xml:13:17-116
131                android:value="com.google.firebase.components.ComponentRegistrar" />
131-->[com.google.firebase:firebase-common-ktx:21.0.0] AndroidManifest.xml:14:17-82
132            <meta-data
132-->[com.google.firebase:firebase-common:21.0.0] AndroidManifest.xml:35:13-37:85
133                android:name="com.google.firebase.components:com.google.firebase.FirebaseCommonKtxRegistrar"
133-->[com.google.firebase:firebase-common:21.0.0] AndroidManifest.xml:36:17-109
134                android:value="com.google.firebase.components.ComponentRegistrar" />
134-->[com.google.firebase:firebase-common:21.0.0] AndroidManifest.xml:37:17-82
135        </service>
136        <service
136-->[androidx.credentials:credentials-play-services-auth:1.2.0-rc01] AndroidManifest.xml:24:9-32:19
137            android:name="androidx.credentials.playservices.CredentialProviderMetadataHolder"
137-->[androidx.credentials:credentials-play-services-auth:1.2.0-rc01] AndroidManifest.xml:25:13-94
138            android:enabled="true"
138-->[androidx.credentials:credentials-play-services-auth:1.2.0-rc01] AndroidManifest.xml:26:13-35
139            android:exported="false" >
139-->[androidx.credentials:credentials-play-services-auth:1.2.0-rc01] AndroidManifest.xml:27:13-37
140            <meta-data
140-->[androidx.credentials:credentials-play-services-auth:1.2.0-rc01] AndroidManifest.xml:29:13-31:104
141                android:name="androidx.credentials.CREDENTIAL_PROVIDER_KEY"
141-->[androidx.credentials:credentials-play-services-auth:1.2.0-rc01] AndroidManifest.xml:30:17-76
142                android:value="androidx.credentials.playservices.CredentialProviderPlayServicesImpl" />
142-->[androidx.credentials:credentials-play-services-auth:1.2.0-rc01] AndroidManifest.xml:31:17-101
143        </service>
144
145        <activity
145-->[androidx.credentials:credentials-play-services-auth:1.2.0-rc01] AndroidManifest.xml:34:9-41:20
146            android:name="androidx.credentials.playservices.HiddenActivity"
146-->[androidx.credentials:credentials-play-services-auth:1.2.0-rc01] AndroidManifest.xml:35:13-76
147            android:configChanges="orientation|screenSize|screenLayout|keyboardHidden"
147-->[androidx.credentials:credentials-play-services-auth:1.2.0-rc01] AndroidManifest.xml:36:13-87
148            android:enabled="true"
148-->[androidx.credentials:credentials-play-services-auth:1.2.0-rc01] AndroidManifest.xml:37:13-35
149            android:exported="false"
149-->[androidx.credentials:credentials-play-services-auth:1.2.0-rc01] AndroidManifest.xml:38:13-37
150            android:fitsSystemWindows="true"
150-->[androidx.credentials:credentials-play-services-auth:1.2.0-rc01] AndroidManifest.xml:39:13-45
151            android:theme="@style/Theme.Hidden" >
151-->[androidx.credentials:credentials-play-services-auth:1.2.0-rc01] AndroidManifest.xml:40:13-48
152        </activity>
153        <activity
153-->[com.google.android.gms:play-services-auth:21.0.0] AndroidManifest.xml:23:9-27:75
154            android:name="com.google.android.gms.auth.api.signin.internal.SignInHubActivity"
154-->[com.google.android.gms:play-services-auth:21.0.0] AndroidManifest.xml:24:13-93
155            android:excludeFromRecents="true"
155-->[com.google.android.gms:play-services-auth:21.0.0] AndroidManifest.xml:25:13-46
156            android:exported="false"
156-->[com.google.android.gms:play-services-auth:21.0.0] AndroidManifest.xml:26:13-37
157            android:theme="@android:style/Theme.Translucent.NoTitleBar" />
157-->[com.google.android.gms:play-services-auth:21.0.0] AndroidManifest.xml:27:13-72
158        <!--
159            Service handling Google Sign-In user revocation. For apps that do not integrate with
160            Google Sign-In, this service will never be started.
161        -->
162        <service
162-->[com.google.android.gms:play-services-auth:21.0.0] AndroidManifest.xml:33:9-37:51
163            android:name="com.google.android.gms.auth.api.signin.RevocationBoundService"
163-->[com.google.android.gms:play-services-auth:21.0.0] AndroidManifest.xml:34:13-89
164            android:exported="true"
164-->[com.google.android.gms:play-services-auth:21.0.0] AndroidManifest.xml:35:13-36
165            android:permission="com.google.android.gms.auth.api.signin.permission.REVOCATION_NOTIFICATION"
165-->[com.google.android.gms:play-services-auth:21.0.0] AndroidManifest.xml:36:13-107
166            android:visibleToInstantApps="true" />
166-->[com.google.android.gms:play-services-auth:21.0.0] AndroidManifest.xml:37:13-48
167
168        <provider
168-->[com.google.firebase:firebase-common:21.0.0] AndroidManifest.xml:23:9-28:39
169            android:name="com.google.firebase.provider.FirebaseInitProvider"
169-->[com.google.firebase:firebase-common:21.0.0] AndroidManifest.xml:24:13-77
170            android:authorities="com.example.movenow.firebaseinitprovider"
170-->[com.google.firebase:firebase-common:21.0.0] AndroidManifest.xml:25:13-72
171            android:directBootAware="true"
171-->[com.google.firebase:firebase-common:21.0.0] AndroidManifest.xml:26:13-43
172            android:exported="false"
172-->[com.google.firebase:firebase-common:21.0.0] AndroidManifest.xml:27:13-37
173            android:initOrder="100" />
173-->[com.google.firebase:firebase-common:21.0.0] AndroidManifest.xml:28:13-36
174
175        <activity
175-->[com.google.android.gms:play-services-base:18.0.1] AndroidManifest.xml:20:9-22:45
176            android:name="com.google.android.gms.common.api.GoogleApiActivity"
176-->[com.google.android.gms:play-services-base:18.0.1] AndroidManifest.xml:20:19-85
177            android:exported="false"
177-->[com.google.android.gms:play-services-base:18.0.1] AndroidManifest.xml:22:19-43
178            android:theme="@android:style/Theme.Translucent.NoTitleBar" />
178-->[com.google.android.gms:play-services-base:18.0.1] AndroidManifest.xml:21:19-78
179
180        <provider
180-->[androidx.work:work-runtime:2.9.0] AndroidManifest.xml:29:9-37:20
181            android:name="androidx.startup.InitializationProvider"
181-->[androidx.work:work-runtime:2.9.0] AndroidManifest.xml:30:13-67
182            android:authorities="com.example.movenow.androidx-startup"
182-->[androidx.work:work-runtime:2.9.0] AndroidManifest.xml:31:13-68
183            android:exported="false" >
183-->[androidx.work:work-runtime:2.9.0] AndroidManifest.xml:32:13-37
184            <meta-data
184-->[androidx.work:work-runtime:2.9.0] AndroidManifest.xml:34:13-36:52
185                android:name="androidx.work.WorkManagerInitializer"
185-->[androidx.work:work-runtime:2.9.0] AndroidManifest.xml:35:17-68
186                android:value="androidx.startup" />
186-->[androidx.work:work-runtime:2.9.0] AndroidManifest.xml:36:17-49
187            <meta-data
187-->[androidx.emoji2:emoji2:1.2.0] AndroidManifest.xml:29:13-31:52
188                android:name="androidx.emoji2.text.EmojiCompatInitializer"
188-->[androidx.emoji2:emoji2:1.2.0] AndroidManifest.xml:30:17-75
189                android:value="androidx.startup" />
189-->[androidx.emoji2:emoji2:1.2.0] AndroidManifest.xml:31:17-49
190            <meta-data
190-->[androidx.lifecycle:lifecycle-process:2.9.0] AndroidManifest.xml:29:13-31:52
191                android:name="androidx.lifecycle.ProcessLifecycleInitializer"
191-->[androidx.lifecycle:lifecycle-process:2.9.0] AndroidManifest.xml:30:17-78
192                android:value="androidx.startup" />
192-->[androidx.lifecycle:lifecycle-process:2.9.0] AndroidManifest.xml:31:17-49
193            <meta-data
193-->[androidx.profileinstaller:profileinstaller:1.4.0] AndroidManifest.xml:29:13-31:52
194                android:name="androidx.profileinstaller.ProfileInstallerInitializer"
194-->[androidx.profileinstaller:profileinstaller:1.4.0] AndroidManifest.xml:30:17-85
195                android:value="androidx.startup" />
195-->[androidx.profileinstaller:profileinstaller:1.4.0] AndroidManifest.xml:31:17-49
196        </provider>
197
198        <service
198-->[androidx.work:work-runtime:2.9.0] AndroidManifest.xml:39:9-45:35
199            android:name="androidx.work.impl.background.systemalarm.SystemAlarmService"
199-->[androidx.work:work-runtime:2.9.0] AndroidManifest.xml:40:13-88
200            android:directBootAware="false"
200-->[androidx.work:work-runtime:2.9.0] AndroidManifest.xml:41:13-44
201            android:enabled="@bool/enable_system_alarm_service_default"
201-->[androidx.work:work-runtime:2.9.0] AndroidManifest.xml:42:13-72
202            android:exported="false" />
202-->[androidx.work:work-runtime:2.9.0] AndroidManifest.xml:43:13-37
203        <service
203-->[androidx.work:work-runtime:2.9.0] AndroidManifest.xml:46:9-52:35
204            android:name="androidx.work.impl.background.systemjob.SystemJobService"
204-->[androidx.work:work-runtime:2.9.0] AndroidManifest.xml:47:13-84
205            android:directBootAware="false"
205-->[androidx.work:work-runtime:2.9.0] AndroidManifest.xml:48:13-44
206            android:enabled="@bool/enable_system_job_service_default"
206-->[androidx.work:work-runtime:2.9.0] AndroidManifest.xml:49:13-70
207            android:exported="true"
207-->[androidx.work:work-runtime:2.9.0] AndroidManifest.xml:50:13-36
208            android:permission="android.permission.BIND_JOB_SERVICE" />
208-->[androidx.work:work-runtime:2.9.0] AndroidManifest.xml:51:13-69
209        <service
209-->[androidx.work:work-runtime:2.9.0] AndroidManifest.xml:53:9-59:35
210            android:name="androidx.work.impl.foreground.SystemForegroundService"
210-->[androidx.work:work-runtime:2.9.0] AndroidManifest.xml:54:13-81
211            android:directBootAware="false"
211-->[androidx.work:work-runtime:2.9.0] AndroidManifest.xml:55:13-44
212            android:enabled="@bool/enable_system_foreground_service_default"
212-->[androidx.work:work-runtime:2.9.0] AndroidManifest.xml:56:13-77
213            android:exported="false" />
213-->[androidx.work:work-runtime:2.9.0] AndroidManifest.xml:57:13-37
214
215        <receiver
215-->[androidx.work:work-runtime:2.9.0] AndroidManifest.xml:61:9-66:35
216            android:name="androidx.work.impl.utils.ForceStopRunnable$BroadcastReceiver"
216-->[androidx.work:work-runtime:2.9.0] AndroidManifest.xml:62:13-88
217            android:directBootAware="false"
217-->[androidx.work:work-runtime:2.9.0] AndroidManifest.xml:63:13-44
218            android:enabled="true"
218-->[androidx.work:work-runtime:2.9.0] AndroidManifest.xml:64:13-35
219            android:exported="false" />
219-->[androidx.work:work-runtime:2.9.0] AndroidManifest.xml:65:13-37
220        <receiver
220-->[androidx.work:work-runtime:2.9.0] AndroidManifest.xml:67:9-77:20
221            android:name="androidx.work.impl.background.systemalarm.ConstraintProxy$BatteryChargingProxy"
221-->[androidx.work:work-runtime:2.9.0] AndroidManifest.xml:68:13-106
222            android:directBootAware="false"
222-->[androidx.work:work-runtime:2.9.0] AndroidManifest.xml:69:13-44
223            android:enabled="false"
223-->[androidx.work:work-runtime:2.9.0] AndroidManifest.xml:70:13-36
224            android:exported="false" >
224-->[androidx.work:work-runtime:2.9.0] AndroidManifest.xml:71:13-37
225            <intent-filter>
225-->[androidx.work:work-runtime:2.9.0] AndroidManifest.xml:73:13-76:29
226                <action android:name="android.intent.action.ACTION_POWER_CONNECTED" />
226-->[androidx.work:work-runtime:2.9.0] AndroidManifest.xml:74:17-87
226-->[androidx.work:work-runtime:2.9.0] AndroidManifest.xml:74:25-84
227                <action android:name="android.intent.action.ACTION_POWER_DISCONNECTED" />
227-->[androidx.work:work-runtime:2.9.0] AndroidManifest.xml:75:17-90
227-->[androidx.work:work-runtime:2.9.0] AndroidManifest.xml:75:25-87
228            </intent-filter>
229        </receiver>
230        <receiver
230-->[androidx.work:work-runtime:2.9.0] AndroidManifest.xml:78:9-88:20
231            android:name="androidx.work.impl.background.systemalarm.ConstraintProxy$BatteryNotLowProxy"
231-->[androidx.work:work-runtime:2.9.0] AndroidManifest.xml:79:13-104
232            android:directBootAware="false"
232-->[androidx.work:work-runtime:2.9.0] AndroidManifest.xml:80:13-44
233            android:enabled="false"
233-->[androidx.work:work-runtime:2.9.0] AndroidManifest.xml:81:13-36
234            android:exported="false" >
234-->[androidx.work:work-runtime:2.9.0] AndroidManifest.xml:82:13-37
235            <intent-filter>
235-->[androidx.work:work-runtime:2.9.0] AndroidManifest.xml:84:13-87:29
236                <action android:name="android.intent.action.BATTERY_OKAY" />
236-->[androidx.work:work-runtime:2.9.0] AndroidManifest.xml:85:17-77
236-->[androidx.work:work-runtime:2.9.0] AndroidManifest.xml:85:25-74
237                <action android:name="android.intent.action.BATTERY_LOW" />
237-->[androidx.work:work-runtime:2.9.0] AndroidManifest.xml:86:17-76
237-->[androidx.work:work-runtime:2.9.0] AndroidManifest.xml:86:25-73
238            </intent-filter>
239        </receiver>
240        <receiver
240-->[androidx.work:work-runtime:2.9.0] AndroidManifest.xml:89:9-99:20
241            android:name="androidx.work.impl.background.systemalarm.ConstraintProxy$StorageNotLowProxy"
241-->[androidx.work:work-runtime:2.9.0] AndroidManifest.xml:90:13-104
242            android:directBootAware="false"
242-->[androidx.work:work-runtime:2.9.0] AndroidManifest.xml:91:13-44
243            android:enabled="false"
243-->[androidx.work:work-runtime:2.9.0] AndroidManifest.xml:92:13-36
244            android:exported="false" >
244-->[androidx.work:work-runtime:2.9.0] AndroidManifest.xml:93:13-37
245            <intent-filter>
245-->[androidx.work:work-runtime:2.9.0] AndroidManifest.xml:95:13-98:29
246                <action android:name="android.intent.action.DEVICE_STORAGE_LOW" />
246-->[androidx.work:work-runtime:2.9.0] AndroidManifest.xml:96:17-83
246-->[androidx.work:work-runtime:2.9.0] AndroidManifest.xml:96:25-80
247                <action android:name="android.intent.action.DEVICE_STORAGE_OK" />
247-->[androidx.work:work-runtime:2.9.0] AndroidManifest.xml:97:17-82
247-->[androidx.work:work-runtime:2.9.0] AndroidManifest.xml:97:25-79
248            </intent-filter>
249        </receiver>
250        <receiver
250-->[androidx.work:work-runtime:2.9.0] AndroidManifest.xml:100:9-109:20
251            android:name="androidx.work.impl.background.systemalarm.ConstraintProxy$NetworkStateProxy"
251-->[androidx.work:work-runtime:2.9.0] AndroidManifest.xml:101:13-103
252            android:directBootAware="false"
252-->[androidx.work:work-runtime:2.9.0] AndroidManifest.xml:102:13-44
253            android:enabled="false"
253-->[androidx.work:work-runtime:2.9.0] AndroidManifest.xml:103:13-36
254            android:exported="false" >
254-->[androidx.work:work-runtime:2.9.0] AndroidManifest.xml:104:13-37
255            <intent-filter>
255-->[androidx.work:work-runtime:2.9.0] AndroidManifest.xml:106:13-108:29
256                <action android:name="android.net.conn.CONNECTIVITY_CHANGE" />
256-->[androidx.work:work-runtime:2.9.0] AndroidManifest.xml:107:17-79
256-->[androidx.work:work-runtime:2.9.0] AndroidManifest.xml:107:25-76
257            </intent-filter>
258        </receiver>
259        <receiver
259-->[androidx.work:work-runtime:2.9.0] AndroidManifest.xml:110:9-121:20
260            android:name="androidx.work.impl.background.systemalarm.RescheduleReceiver"
260-->[androidx.work:work-runtime:2.9.0] AndroidManifest.xml:111:13-88
261            android:directBootAware="false"
261-->[androidx.work:work-runtime:2.9.0] AndroidManifest.xml:112:13-44
262            android:enabled="false"
262-->[androidx.work:work-runtime:2.9.0] AndroidManifest.xml:113:13-36
263            android:exported="false" >
263-->[androidx.work:work-runtime:2.9.0] AndroidManifest.xml:114:13-37
264            <intent-filter>
264-->[androidx.work:work-runtime:2.9.0] AndroidManifest.xml:116:13-120:29
265                <action android:name="android.intent.action.BOOT_COMPLETED" />
265-->[androidx.work:work-runtime:2.9.0] AndroidManifest.xml:117:17-79
265-->[androidx.work:work-runtime:2.9.0] AndroidManifest.xml:117:25-76
266                <action android:name="android.intent.action.TIME_SET" />
266-->[androidx.work:work-runtime:2.9.0] AndroidManifest.xml:118:17-73
266-->[androidx.work:work-runtime:2.9.0] AndroidManifest.xml:118:25-70
267                <action android:name="android.intent.action.TIMEZONE_CHANGED" />
267-->[androidx.work:work-runtime:2.9.0] AndroidManifest.xml:119:17-81
267-->[androidx.work:work-runtime:2.9.0] AndroidManifest.xml:119:25-78
268            </intent-filter>
269        </receiver>
270        <receiver
270-->[androidx.work:work-runtime:2.9.0] AndroidManifest.xml:122:9-131:20
271            android:name="androidx.work.impl.background.systemalarm.ConstraintProxyUpdateReceiver"
271-->[androidx.work:work-runtime:2.9.0] AndroidManifest.xml:123:13-99
272            android:directBootAware="false"
272-->[androidx.work:work-runtime:2.9.0] AndroidManifest.xml:124:13-44
273            android:enabled="@bool/enable_system_alarm_service_default"
273-->[androidx.work:work-runtime:2.9.0] AndroidManifest.xml:125:13-72
274            android:exported="false" >
274-->[androidx.work:work-runtime:2.9.0] AndroidManifest.xml:126:13-37
275            <intent-filter>
275-->[androidx.work:work-runtime:2.9.0] AndroidManifest.xml:128:13-130:29